<?xml version="1.0" encoding="UTF-8"?>
<testng-results skipped="0" failed="0" ignored="0" total="1" passed="1">
  <reporter-output>
  </reporter-output>
  <suite name="Suite" duration-ms="44401" started-at="2018-03-14T17:41:46Z" finished-at="2018-03-14T17:42:31Z">
    <groups>
    </groups>
    <test name="IE Test" duration-ms="44401" started-at="2018-03-14T17:41:46Z" finished-at="2018-03-14T17:42:31Z">
      <class name="utilities.ExcelUtility">
        <test-method status="PASS" signature="Driver(java.lang.String)[pri:0, instance:utilities.ExcelUtility@31610302]" name="Driver" duration-ms="44337" started-at="2018-03-14T17:41:46Z" finished-at="2018-03-14T17:42:31Z">
          <params>
            <param index="0">
              <value>
                <![CDATA[firefox]]>
              </value>
            </param>
          </params>
          <reporter-output>
          </reporter-output>
        </test-method> <!-- Driver -->
      </class> <!-- utilities.ExcelUtility -->
    </test> <!-- IE Test -->
  </suite> <!-- Suite -->
</testng-results>
